     Running `/Users/namakun/.cargo/bin/cargo-compete compete t --src /Users/namakun/Projects/atcoder/abc457/src/bin/a.rs --display-limit '4 KiB' --manifest-path /Users/namakun/Projects/atcoder/abc457/Cargo.toml --color auto`
     Running `/Users/namakun/.rustup/toolchains/stable-aarch64-apple-darwin/bin/cargo build --bin abc457-a --manifest-path /Users/namakun/Projects/atcoder/abc457/Cargo.toml`
    Finished `dev` profile [unoptimized + debuginfo] target(s) in 0.00s

1/3 ("sample1") Accepted (339 ms)
stdin:
5
1 2 3 4 5
3
expected:
3
actual:
3

2/3 ("sample2") Accepted (339 ms)
stdin:
10
6 6 9 6 10 5 7 2 8 2
4
expected:
6
actual:
6

3/3 ("sample3") Accepted (339 ms)
stdin:
10
4 4 4 3 4 2 1 1 2 1
10
expected:
1
actual:
1
error: Submission rejected
